$ cargo test
   Compiling addizione v0.1.0 (file:///progetti/addizione)
    Finished `test` profile [unoptimized + debuginfo] target(s) in 0.92s
     Running unittests src/lib.rs (target/debug/deps/addizione-41054392f08da196)

running 2 tests
test tests::esplorazione ... ok
test tests::un_altra ... FAILED

failures:

---- tests::un_altra stdout ----

thread 'tests::un_altra' (4763) panicked at src/lib.rs:17:9:
Fai fallire questo test
note: run with `RUST_BACKTRACE=1` environment variable to display a backtrace


failures:
    tests::un_altra

test result: FAILED. 1 passed; 1 failed; 0 ignored; 0 measured; 0 filtered out; finished in 0.00s

error: test failed, to rerun pass `--lib`
