$ cargo test
   Compiling saluto v0.1.0 (file:///progetti/saluto)
    Finished `test` profile [unoptimized + debuginfo] target(s) in 1.15s
     Running unittests src/lib.rs (target/debug/deps/saluto-9c4c14b7b4719873)

running 1 test
test tests::saluto_contiene_nome ... FAILED

failures:

---- tests::saluto_contiene_nome stdout ----

thread 'tests::saluto_contiene_nome' (10833) panicked at src/lib.rs:14:9:
assertion failed: risultato.contains("Carol")
note: run with `RUST_BACKTRACE=1` environment variable to display a backtrace


failures:
    tests::saluto_contiene_nome

test result: FAILED. 0 passed; 1 failed; 0 ignored; 0 measured; 0 filtered out; finished in 0.00s

error: test failed, to rerun pass `--lib`
