$ cargo test
   Compiling gioco_indovinello v0.1.0 (file:///progetti/gioco_indovinello)
    Finished `test` profile [unoptimized + debuginfo] target(s) in 0.33s
     Running unittests src/lib.rs (target/debug/deps/gioco_indovinello-bd151867e79a86ca)

running 1 test
test tests::maggiore_di_100 - should panic ... FAILED

failures:

---- tests::maggiore_di_100 stdout ----

thread 'tests::maggiore_di_100' (14846) panicked at src/lib.rs:13:13:
L'ipotesi deve essere maggiore di zero, valore fornito 200.
note: run with `RUST_BACKTRACE=1` environment variable to display a backtrace
note: panic did not contain expected string
      panic message: "L'ipotesi deve essere maggiore di zero, valore fornito 200."
 expected substring: "minore o uguale a 100"

failures:
    tests::maggiore_di_100

test result: FAILED. 0 passed; 1 failed; 0 ignored; 0 measured; 0 filtered out; finished in 0.00s

error: test failed, to rerun pass `--lib`
