$ cargo test -- --show-output
   Compiling funzione-stupida v0.1.0 (file:///progetti/funzione-stupida)
    Finished `test` profile [unoptimized + debuginfo] target(s) in 0.91s
     Running unittests src/lib.rs (target/debug/deps/funzione_stupida-5473422b7951e476)

running 2 tests
test tests::this_test_will_fail ... FAILED
test tests::this_test_will_pass ... ok

successes:

---- tests::this_test_will_pass stdout ----
Ho ricevuto il valore 4


successes:
    tests::this_test_will_pass

failures:

---- tests::this_test_will_fail stdout ----
Ho ricevuto il valore 8

thread 'tests::this_test_will_fail' (9352) panicked at src/lib.rs:19:9:
assertion `left == right` failed
  left: 10
 right: 5
note: run with `RUST_BACKTRACE=1` environment variable to display a backtrace


failures:
    tests::this_test_will_fail

test result: FAILED. 1 passed; 1 failed; 0 ignored; 0 measured; 0 filtered out; finished in 0.00s

error: test failed, to rerun pass `--lib`
