$ cargo test
   Compiling saluto v0.1.0 (file:///progetti/saluto)
    Finished `test` profile [unoptimized + debuginfo] target(s) in 0.43s
     Running unittests src/lib.rs (target/debug/deps/saluto-00f50f06a08e754d)

running 1 test
test tests::saluto_contiene_nome ... FAILED

failures:

---- tests::saluto_contiene_nome stdout ----

thread 'tests::saluto_contiene_nome' (11432) panicked at src/lib.rs:13:9:
Saluto non contiene un nome, il valore era `Ciao!`
note: run with `RUST_BACKTRACE=1` environment variable to display a backtrace


failures:
    tests::saluto_contiene_nome

test result: FAILED. 0 passed; 1 failed; 0 ignored; 0 measured; 0 filtered out; finished in 0.00s

error: test failed, to rerun pass `--lib`
