$ cargo test
   Compiling gioco_indovinello v0.1.0 (file:///progetti/gioco_indovinello)
    Finished `test` profile [unoptimized + debuginfo] target(s) in 0.19s
     Running unittests src/lib.rs (target/debug/deps/gioco_indovinello-bd151867e79a86ca)

running 1 test
test tests::maggiore_di_100 - should panic ... FAILED

failures:

---- tests::maggiore_di_100 stdout ----
note: test did not panic as expected at src/lib.rs:24:8

failures:
    tests::maggiore_di_100

test result: FAILED. 0 passed; 1 failed; 0 ignored; 0 measured; 0 filtered out; finished in 0.00s

error: test failed, to rerun pass `--lib`
